{
  "stats": {
    "suites": 1,
    "tests": 2,
    "passes": 2,
    "pending": 0,
    "failures": 0,
    "start": "2022-01-16T18:39:56.757Z",
    "end": "2022-01-16T18:40:07.770Z",
    "duration": 5888,
    "testsRegistered": 2,
    "passPercent": 100,
    "pendingPercent": 0,
    "other": 0,
    "hasOther": false,
    "skipped": 0,
    "hasSkipped": false
  },
  "results": [
    {
      "uuid": "86fec048-6250-46f8-9704-65a420133a35",
      "title": "",
      "fullFile": "cypress/integration/All.features",
      "file": "cypress/integration/All.features",
      "beforeHooks": [],
      "afterHooks": [],
      "tests": [],
      "suites": [
        {
          "uuid": "43dd82bb-969f-4a28-81ae-7d584b5e8297",
          "title": "The Facebook",
          "fullFile": "",
          "file": "",
          "beforeHooks": [],
          "afterHooks": [],
          "tests": [
            {
              "title": "Opening a social network page",
              "fullTitle": "The Facebook Opening a social network page",
              "timedOut": null,
              "duration": 3768,
              "state": "passed",
              "speed": "fast",
              "pass": true,
              "fail": false,
              "pending": false,
              "context": null,
              "code": "const state = window.testState;\nreturn cy\n  .then(() => state.onStartScenario(scenario, indexedSteps))\n  .then(() =>\n    resolveAndRunBeforeHooks.call(this, scenario.tags, state.feature.name)\n  )\n  .then(() =>\n    indexedSteps.forEach((step) =>\n      stepTest.call(this, state, step, rowData)\n    )\n  )\n  .then(() => state.onFinishScenario(scenario));",
              "err": {},
              "uuid": "561ae014-3f3f-4c59-94f8-261fd5bb7741",
              "parentUUID": "43dd82bb-969f-4a28-81ae-7d584b5e8297",
              "isHook": false,
              "skipped": false
            },
            {
              "title": "Different kind of opening",
              "fullTitle": "The Facebook Different kind of opening",
              "timedOut": null,
              "duration": 2120,
              "state": "passed",
              "speed": "fast",
              "pass": true,
              "fail": false,
              "pending": false,
              "context": null,
              "code": "const state = window.testState;\nreturn cy\n  .then(() => state.onStartScenario(scenario, indexedSteps))\n  .then(() =>\n    resolveAndRunBeforeHooks.call(this, scenario.tags, state.feature.name)\n  )\n  .then(() =>\n    indexedSteps.forEach((step) =>\n      stepTest.call(this, state, step, rowData)\n    )\n  )\n  .then(() => state.onFinishScenario(scenario));",
              "err": {},
              "uuid": "1489bb52-e7e9-40da-a2a5-9552c778857a",
              "parentUUID": "43dd82bb-969f-4a28-81ae-7d584b5e8297",
              "isHook": false,
              "skipped": false
            }
          ],
          "suites": [],
          "passes": [
            "561ae014-3f3f-4c59-94f8-261fd5bb7741",
            "1489bb52-e7e9-40da-a2a5-9552c778857a"
          ],
          "failures": [],
          "pending": [],
          "skipped": [],
          "duration": 5888,
          "root": false,
          "rootEmpty": false,
          "_timeout": 2000
        }
      ],
      "passes": [],
      "failures": [],
      "pending": [],
      "skipped": [],
      "duration": 0,
      "root": true,
      "rootEmpty": true,
      "_timeout": 2000
    }
  ],
  "meta": {
    "mocha": {
      "version": "7.0.1"
    },
    "mochawesome": {
      "options": {
        "quiet": false,
        "reportFilename": "mochawesome",
        "saveHtml": false,
        "saveJson": true,
        "consoleReporter": "spec",
        "useInlineDiffs": false,
        "code": true
      },
      "version": "7.0.1"
    },
    "marge": {
      "options": {
        "id": "default",
        "reportDir": "./reports/mocha-json",
        "quite": true,
        "overwrite": false,
        "html": false,
        "json": true
      },
      "version": "6.0.1"
    }
  }
}